# JRE version: OpenJDK Runtime Environment (23.0+37) (build 23+37-2369)
# Java VM: OpenJDK 64-Bit Server VM (23+37-2369, mixed mode, sharing, tiered, compressed oops, compressed class ptrs, g1 gc, bsd-aarch64)
Heap:
 garbage-first heap   total reserved 4194304K, committed 264192K, used 168033K [0x0000000700000000, 0x0000000800000000)
  region size 2048K, 75 young (153600K), 1 survivors (2048K)
 Metaspace       used 12327K, committed 12928K, reserved 1114112K
  class space    used 1383K, committed 1664K, reserved 1048576K
GC Heap History (20 events):
Event: 406.364 GC heap before
{Heap before GC invocations=13 (full 0):
 garbage-first heap   total reserved 4194304K, committed 264192K, used 170932K [0x0000000700000000, 0x0000000800000000)
  region size 2048K, 76 young (155648K), 1 survivors (2048K)
 Metaspace       used 12304K, committed 12928K, reserved 1114112K
  class space    used 1383K, committed 1664K, reserved 1048576K
}
Event: 406.365 GC heap after
{Heap after GC invocations=14 (full 0):
 garbage-first heap   total reserved 4194304K, committed 264192K, used 17326K [0x0000000700000000, 0x0000000800000000)
  region size 2048K, 1 young (2048K), 1 survivors (2048K)
 Metaspace       used 12304K, committed 12928K, reserved 1114112K
  class space    used 1383K, committed 1664K, reserved 1048576K
}
Event: 444.355 GC heap before
{Heap before GC invocations=14 (full 0):
 garbage-first heap   total reserved 4194304K, committed 264192K, used 170926K [0x0000000700000000, 0x0000000800000000)
  region size 2048K, 76 young (155648K), 1 survivors (2048K)
 Metaspace       used 12304K, committed 12928K, reserved 1114112K
  class space    used 1383K, committed 1664K, reserved 1048576K
}
Event: 444.356 GC heap after
{Heap after GC invocations=15 (full 0):
 garbage-first heap   total reserved 4194304K, committed 264192K, used 17415K [0x0000000700000000, 0x0000000800000000)
  region size 2048K, 1 young (2048K), 1 survivors (2048K)
 Metaspace       used 12304K, committed 12928K, reserved 1114112K
  class space    used 1383K, committed 1664K, reserved 1048576K
}
Event: 481.880 GC heap before
{Heap before GC invocations=15 (full 0):
 garbage-first heap   total reserved 4194304K, committed 264192K, used 171015K [0x0000000700000000, 0x0000000800000000)
  region size 2048K, 76 young (155648K), 1 survivors (2048K)
 Metaspace       used 12304K, committed 12928K, reserved 1114112K
  class space    used 1383K, committed 1664K, reserved 1048576K
}
Event: 481.880 GC heap after
{Heap after GC invocations=16 (full 0):
 garbage-first heap   total reserved 4194304K, committed 264192K, used 17355K [0x0000000700000000, 0x0000000800000000)
  region size 2048K, 1 young (2048K), 1 survivors (2048K)
 Metaspace       used 12304K, committed 12928K, reserved 1114112K
  class space    used 1383K, committed 1664K, reserved 1048576K
}
Event: 519.180 GC heap before
{Heap before GC invocations=16 (full 0):
 garbage-first heap   total reserved 4194304K, committed 264192K, used 170955K [0x0000000700000000, 0x0000000800000000)
  region size 2048K, 76 young (155648K), 1 survivors (2048K)
 Metaspace       used 12326K, committed 12928K, reserved 1114112K
  class space    used 1383K, committed 1664K, reserved 1048576K
}
Event: 519.180 GC heap after
{Heap after GC invocations=17 (full 0):
 garbage-first heap   total reserved 4194304K, committed 264192K, used 17417K [0x0000000700000000, 0x0000000800000000)
  region size 2048K, 1 young (2048K), 1 survivors (2048K)
 Metaspace       used 12326K, committed 12928K, reserved 1114112K
  class space    used 1383K, committed 1664K, reserved 1048576K
}
Event: 556.488 GC heap before
{Heap before GC invocations=17 (full 0):
 garbage-first heap   total reserved 4194304K, committed 264192K, used 171017K [0x0000000700000000, 0x0000000800000000)
  region size 2048K, 76 young (155648K), 1 survivors (2048K)
 Metaspace       used 12326K, committed 12928K, reserved 1114112K
  class space    used 1383K, committed 1664K, reserved 1048576K
}
Event: 556.489 GC heap after
{Heap after GC invocations=18 (full 0):
 garbage-first heap   total reserved 4194304K, committed 264192K, used 17419K [0x0000000700000000, 0x0000000800000000)
  region size 2048K, 1 young (2048K), 1 survivors (2048K)
 Metaspace       used 12326K, committed 12928K, reserved 1114112K
  class space    used 1383K, committed 1664K, reserved 1048576K
}
Event: 593.872 GC heap before
{Heap before GC invocations=18 (full 0):
 garbage-first heap   total reserved 4194304K, committed 264192K, used 171019K [0x0000000700000000, 0x0000000800000000)
  region size 2048K, 76 young (155648K), 1 survivors (2048K)
 Metaspace       used 12326K, committed 12928K, reserved 1114112K
  class space    used 1383K, committed 1664K, reserved 1048576K
}
Event: 593.872 GC heap after
{Heap after GC invocations=19 (full 0):
 garbage-first heap   total reserved 4194304K, committed 264192K, used 17423K [0x0000000700000000, 0x0000000800000000)
  region size 2048K, 1 young (2048K), 1 survivors (2048K)
 Metaspace       used 12326K, committed 12928K, reserved 1114112K
  class space    used 1383K, committed 1664K, reserved 1048576K
}
Event: 631.080 GC heap before
{Heap before GC invocations=19 (full 0):
 garbage-first heap   total reserved 4194304K, committed 264192K, used 171023K [0x0000000700000000, 0x0000000800000000)
  region size 2048K, 76 young (155648K), 1 survivors (2048K)
 Metaspace       used 12327K, committed 12928K, reserved 1114112K
  class space    used 1383K, committed 1664K, reserved 1048576K
}
Event: 631.080 GC heap after
{Heap after GC invocations=20 (full 0):
 garbage-first heap   total reserved 4194304K, committed 264192K, used 17422K [0x0000000700000000, 0x0000000800000000)
  region size 2048K, 1 young (2048K), 1 survivors (2048K)
 Metaspace       used 12327K, committed 12928K, reserved 1114112K
  class space    used 1383K, committed 1664K, reserved 1048576K
}
Event: 668.301 GC heap before
{Heap before GC invocations=20 (full 0):
 garbage-first heap   total reserved 4194304K, committed 264192K, used 171022K [0x0000000700000000, 0x0000000800000000)
  region size 2048K, 76 young (155648K), 1 survivors (2048K)
 Metaspace       used 12327K, committed 12928K, reserved 1114112K
  class space    used 1383K, committed 1664K, reserved 1048576K
}
Event: 668.302 GC heap after
{Heap after GC invocations=21 (full 0):
 garbage-first heap   total reserved 4194304K, committed 264192K, used 17422K [0x0000000700000000, 0x0000000800000000)
  region size 2048K, 1 young (2048K), 1 survivors (2048K)
 Metaspace       used 12327K, committed 12928K, reserved 1114112K
  class space    used 1383K, committed 1664K, reserved 1048576K
}
Event: 705.621 GC heap before
{Heap before GC invocations=21 (full 0):
 garbage-first heap   total reserved 4194304K, committed 264192K, used 171022K [0x0000000700000000, 0x0000000800000000)
  region size 2048K, 76 young (155648K), 1 survivors (2048K)
 Metaspace       used 12327K, committed 12928K, reserved 1114112K
  class space    used 1383K, committed 1664K, reserved 1048576K
}
Event: 705.622 GC heap after
{Heap after GC invocations=22 (full 0):
 garbage-first heap   total reserved 4194304K, committed 264192K, used 17437K [0x0000000700000000, 0x0000000800000000)
  region size 2048K, 1 young (2048K), 1 survivors (2048K)
 Metaspace       used 12327K, committed 12928K, reserved 1114112K
  class space    used 1383K, committed 1664K, reserved 1048576K
}
Event: 742.955 GC heap before
{Heap before GC invocations=22 (full 0):
 garbage-first heap   total reserved 4194304K, committed 264192K, used 171037K [0x0000000700000000, 0x0000000800000000)
  region size 2048K, 76 young (155648K), 1 survivors (2048K)
 Metaspace       used 12327K, committed 12928K, reserved 1114112K
  class space    used 1383K, committed 1664K, reserved 1048576K
}
Event: 742.955 GC heap after
{Heap after GC invocations=23 (full 0):
 garbage-first heap   total reserved 4194304K, committed 264192K, used 17432K [0x0000000700000000, 0x0000000800000000)
  region size 2048K, 1 young (2048K), 1 survivors (2048K)
 Metaspace       used 12327K, committed 12928K, reserved 1114112K
  class space    used 1383K, committed 1664K, reserved 1048576K
}

